======================================================================
= osprey is a tool for machine learning hyperparameter optimization. =
======================================================================

osprey version:      1.2.0dev
time:                February 21, 2019  1:13 PM
hostname:            it036365
cwd:                 /home/sa16246/repositories/NN-sq/hyperparam_opt/methane_isopent
pid:                 10888

Loading config file:     config.yaml...

Loading dataset...

Dataset contains 15000 element(s) with out labels
The elements have shape: [(1,), (1,), (1,), (1,), (1,), (1,), (1,), (1,), (1,), (1,), (1,), (1,), (1,), (1,), (1,), (1,), (1,), (1,), (1,), (1,), ...]
Instantiated estimator:
  Pipeline(memory=None,
     steps=[('atomcenteredsymmetryfunctions', AtomCenteredSymmetryFunctions(cutoff=5.0,
               data=<qml.qmlearn.data.Data object at 0x7f7bb8975b38>,
               elements='auto', nbasis=3, precision=2)), ('neuralnetwork', NeuralNetwork(batch_size=200, hl1=20, hl2=10, hl3=0, hl4=0, iterations=500,
       l1_reg=0.0, l2_reg=0.0, learning_rate=0.001, scoring='neg_mae',
       size='auto'))])
Hyperparameter search space:
  atomcenteredsymmetryfunctions__nbasis	(int)          6 <= x <= 19
  atomcenteredsymmetryfunctions__cutoff	(float) 3.000000 <= x <  5.000000
  atomcenteredsymmetryfunctions__precision	(float) 1.050000 <= x <  3.000000
  neuralnetwork__hl1       	(int)         30 <= x <= 500
  neuralnetwork__hl2       	(int)         30 <= x <= 500
  neuralnetwork__batch_size	(int)         10 <= x <= 200
  neuralnetwork__iterations	(int)        300 <= x <= 1500
  neuralnetwork__learning_rate	(float) 0.000400 <= x <  0.003000
  neuralnetwork__l2_reg    	(float) 0.000000 <= x <  0.000400
  neuralnetwork__l1_reg    	(float) 0.000000 <= x <  0.010000

----------------------------------------------------------------------
Beginning iteration                                             1 / 50
----------------------------------------------------------------------
Loading trials database: sqlite:///osprey-trials_group.db...
History contains: 0 trials
Choosing next hyperparameters with gp...
  {'atomcenteredsymmetryfunctions__nbasis': 6, 'atomcenteredsymmetryfunctions__cutoff': 3.872511046003538, 'atomcenteredsymmetryfunctions__precision': 1.3643076607252318, 'neuralnetwork__hl1': 75, 'neuralnetwork__hl2': 283, 'neuralnetwork__batch_size': 15, 'neuralnetwork__iterations': 486, 'neuralnetwork__learning_rate': 0.0006250466816339011, 'neuralnetwork__l2_reg': 3.6796751499763316e-05, 'neuralnetwork__l1_reg': 1.644671131530103e-07}
(gp took 0.070 s)

2019-02-21 13:14:32.800331: I tensorflow/core/platform/cpu_feature_guard.cc:141] Your CPU supports instructions that this TensorFlow binary was not compiled to use: AVX2 FMA
2019-02-21 13:14:32.955953: I tensorflow/stream_executor/cuda/cuda_gpu_executor.cc:897] successful NUMA node read from SysFS had negative value (-1), but there must be at least one NUMA node, so returning NUMA node zero
2019-02-21 13:14:32.956890: I tensorflow/core/common_runtime/gpu/gpu_device.cc:1392] Found device 0 with properties: 
name: GeForce GTX 1080 Ti major: 6 minor: 1 memoryClockRate(GHz): 1.582
pciBusID: 0000:06:00.0
totalMemory: 10.92GiB freeMemory: 10.76GiB
2019-02-21 13:14:32.956906: I tensorflow/core/common_runtime/gpu/gpu_device.cc:1471] Adding visible gpu devices: 0
2019-02-21 13:14:33.204499: I tensorflow/core/common_runtime/gpu/gpu_device.cc:952] Device interconnect StreamExecutor with strength 1 edge matrix:
2019-02-21 13:14:33.204541: I tensorflow/core/common_runtime/gpu/gpu_device.cc:958]      0 
2019-02-21 13:14:33.204549: I tensorflow/core/common_runtime/gpu/gpu_device.cc:971] 0:   N 
2019-02-21 13:14:33.204813: I tensorflow/core/common_runtime/gpu/gpu_device.cc:1084] Created TensorFlow device (/job:localhost/replica:0/task:0/device:GPU:0 with 10407 MB memory) -> physical GPU (device: 0, name: GeForce GTX 1080 Ti, pci bus id: 0000:06:00.0, compute capability: 6.1)
